<?xml version="1.0" encoding="UTF-8"?>
<!-- Generated by org.testng.reporters.JUnitReportReporter -->
<testsuite hostname="Sasi.local" failures="0" tests="4" name="vatTest.VATGeneralFlow" time="24.630" errors="0" timestamp="2023-06-22T18:23:01 CEST" skipped="2">
  <testcase classname="vatTest.VATGeneralFlow" name="LaunchDetails" time="8.692"/>
  <system-out/>
  <testcase classname="vatTest.VATGeneralFlow" name="CaclulateUsingVAT" time="15.938"/>
  <system-out/>
  <testcase classname="vatTest.VATGeneralFlow" name="CaclulateUsingPricewihtoutVAT">
    <skipped/>
  </testcase> <!-- CaclulateUsingPricewihtoutVAT -->
  <system-out/>
  <testcase classname="vatTest.VATGeneralFlow" name="CaclulateUsingPriceInclVAT">
    <skipped/>
  </testcase> <!-- CaclulateUsingPriceInclVAT -->
  <system-out/>
</testsuite> <!-- vatTest.VATGeneralFlow -->
