<?xml version="1.0" encoding="UTF-8"?>
<!-- Generated by org.testng.reporters.JUnitReportReporter -->
<testsuite hostname="Sasi.local" failures="0" tests="4" name="vatTest.VATGeneralFlow" time="30.456" errors="0" timestamp="2023-06-04T15:19:41 CEST" skipped="3">
  <testcase classname="vatTest.VATGeneralFlow" name="Test" time="30.456"/>
  <system-out/>
  <testcase classname="vatTest.VATGeneralFlow" name="CaclulateUsingVAT">
    <skipped/>
  </testcase> <!-- CaclulateUsingVAT -->
  <system-out/>
  <testcase classname="vatTest.VATGeneralFlow" name="CaclulateUsingPricewihtoutVAT">
    <skipped/>
  </testcase> <!-- CaclulateUsingPricewihtoutVAT -->
  <system-out/>
  <testcase classname="vatTest.VATGeneralFlow" name="LaunchDetails">
    <skipped/>
  </testcase> <!-- LaunchDetails -->
  <system-out/>
</testsuite> <!-- vatTest.VATGeneralFlow -->
