<?xml version="1.0" encoding="UTF-8"?>
<!-- Generated by org.testng.reporters.JUnitReportReporter -->
<testsuite hostname="Sasi.local" failures="0" tests="4" name="vatTest.VATGeneralFlow" time="49.894" errors="0" timestamp="2023-07-18T16:38:38 CEST" skipped="0">
  <testcase classname="vatTest.VATGeneralFlow" name="CaclulateUsingPriceInclVAT" time="10.011"/>
  <system-out/>
  <testcase classname="vatTest.VATGeneralFlow" name="CaclulateUsingVAT" time="14.349"/>
  <system-out/>
  <testcase classname="vatTest.VATGeneralFlow" name="LaunchDetails" time="9.955"/>
  <system-out/>
  <testcase classname="vatTest.VATGeneralFlow" name="CaclulateUsingPricewihtoutVAT" time="15.579"/>
  <system-out/>
</testsuite> <!-- vatTest.VATGeneralFlow -->
