<?xml version="1.0" encoding="UTF-8"?>
<!-- Generated by org.testng.reporters.JUnitReportReporter -->
<testsuite hostname="Sasi.local" failures="0" tests="4" name="vatTest.VATGeneralFlow" time="12.865" errors="0" timestamp="2023-06-07T17:56:55 CEST" skipped="3">
  <testcase classname="vatTest.VATGeneralFlow" name="LaunchDetails" time="12.865"/>
  <system-out/>
  <testcase classname="vatTest.VATGeneralFlow" name="CaclulateUsingVAT">
    <skipped/>
  </testcase> <!-- CaclulateUsingVAT -->
  <system-out/>
  <testcase classname="vatTest.VATGeneralFlow" name="CaclulateUsingPricewihtoutVAT">
    <skipped/>
  </testcase> <!-- CaclulateUsingPricewihtoutVAT -->
  <system-out/>
  <testcase classname="vatTest.VATGeneralFlow" name="Test">
    <skipped/>
  </testcase> <!-- Test -->
  <system-out/>
</testsuite> <!-- vatTest.VATGeneralFlow -->
